2024-08-14 13:22:33,723 DEBUG    root            Loaded Command Group: ['gcloud', 'components']
2024-08-14 13:22:33,725 DEBUG    root            Loaded Command Group: ['gcloud', 'components', 'update']
2024-08-14 13:22:33,728 DEBUG    root            Running [gcloud.components.update] with arguments: [--quiet: "True", COMPONENT-IDS:8: "['gcloud', 'core', 'bq', 'gsutil', 'compute', 'preview', 'alpha', 'beta']"]
2024-08-14 13:22:33,729 INFO     ___FILE_ONLY___ Beginning update. This process may take several minutes.

2024-08-14 13:22:33,739 DEBUG    urllib3.connectionpool Starting new HTTPS connection (1): dl.google.com:443
2024-08-14 13:22:33,877 DEBUG    urllib3.connectionpool https://dl.google.com:443 "GET /dl/cloudsdk/channels/rapid/components-2.json HTTP/1.1" 200 223380
2024-08-14 13:22:33,893 WARNING  root            Component [compute] no longer exists.
2024-08-14 13:22:33,894 WARNING  root            Component [preview] no longer exists.
2024-08-14 13:22:33,895 INFO     ___FILE_ONLY___ 

2024-08-14 13:22:33,895 INFO     ___FILE_ONLY___ 
Your current Google Cloud CLI version is: 488.0.0

2024-08-14 13:22:33,895 INFO     ___FILE_ONLY___ Installing components from version: 488.0.0

2024-08-14 13:22:33,895 INFO     ___FILE_ONLY___ 

2024-08-14 13:22:33,896 DEBUG    root            Chosen display Format:table[box,title="These components will be removed."](details.display_name:label=Name:align=left,version.version_string:label=Version:align=right,data.size.size(zero="",min=1048576):label=Size:align=right)
2024-08-14 13:22:33,897 DEBUG    root            Chosen display Format:table[box,title="These components will be updated."](details.display_name:label=Name:align=left,version.version_string:label=Version:align=right,data.size.size(zero="",min=1048576):label=Size:align=right)
2024-08-14 13:22:33,897 DEBUG    root            Chosen display Format:table[box,title="These components will be installed."](details.display_name:label=Name:align=left,version.version_string:label=Version:align=right,data.size.size(zero="",min=1048576):label=Size:align=right)
2024-08-14 13:22:33,915 INFO     ___FILE_ONLY___ ┌──────────────────────────────────────────────┐
2024-08-14 13:22:33,915 INFO     ___FILE_ONLY___ 

2024-08-14 13:22:33,915 INFO     ___FILE_ONLY___ │     These components will be installed.      │
2024-08-14 13:22:33,915 INFO     ___FILE_ONLY___ 

2024-08-14 13:22:33,915 INFO     ___FILE_ONLY___ ├───────────────────────┬────────────┬─────────┤
2024-08-14 13:22:33,916 INFO     ___FILE_ONLY___ 

2024-08-14 13:22:33,916 INFO     ___FILE_ONLY___ │          Name         │  Version   │   Size  │
2024-08-14 13:22:33,916 INFO     ___FILE_ONLY___ 

2024-08-14 13:22:33,916 INFO     ___FILE_ONLY___ ├───────────────────────┼────────────┼─────────┤
2024-08-14 13:22:33,916 INFO     ___FILE_ONLY___ 

2024-08-14 13:22:33,916 INFO     ___FILE_ONLY___ │ 
2024-08-14 13:22:33,916 INFO     ___FILE_ONLY___ gcloud Alpha Commands
2024-08-14 13:22:33,916 INFO     ___FILE_ONLY___  
2024-08-14 13:22:33,916 INFO     ___FILE_ONLY___ │ 
2024-08-14 13:22:33,916 INFO     ___FILE_ONLY___ 2024.08.09
2024-08-14 13:22:33,916 INFO     ___FILE_ONLY___  
2024-08-14 13:22:33,917 INFO     ___FILE_ONLY___ │ 
2024-08-14 13:22:33,917 INFO     ___FILE_ONLY___ < 1 MiB
2024-08-14 13:22:33,917 INFO     ___FILE_ONLY___  
2024-08-14 13:22:33,917 INFO     ___FILE_ONLY___ │
2024-08-14 13:22:33,917 INFO     ___FILE_ONLY___ 

2024-08-14 13:22:33,917 INFO     ___FILE_ONLY___ │ 
2024-08-14 13:22:33,917 INFO     ___FILE_ONLY___ gcloud Beta Commands 
2024-08-14 13:22:33,918 INFO     ___FILE_ONLY___  
2024-08-14 13:22:33,918 INFO     ___FILE_ONLY___ │ 
2024-08-14 13:22:33,918 INFO     ___FILE_ONLY___ 2024.08.09
2024-08-14 13:22:33,918 INFO     ___FILE_ONLY___  
2024-08-14 13:22:33,918 INFO     ___FILE_ONLY___ │ 
2024-08-14 13:22:33,918 INFO     ___FILE_ONLY___ < 1 MiB
2024-08-14 13:22:33,918 INFO     ___FILE_ONLY___  
2024-08-14 13:22:33,918 INFO     ___FILE_ONLY___ │
2024-08-14 13:22:33,918 INFO     ___FILE_ONLY___ 

2024-08-14 13:22:33,918 INFO     ___FILE_ONLY___ └───────────────────────┴────────────┴─────────┘
2024-08-14 13:22:33,919 INFO     ___FILE_ONLY___ 

2024-08-14 13:22:33,919 INFO     ___FILE_ONLY___ 

2024-08-14 13:22:33,922 DEBUG    urllib3.connectionpool Starting new HTTPS connection (1): dl.google.com:443
2024-08-14 13:22:34,060 DEBUG    urllib3.connectionpool https://dl.google.com:443 "GET /dl/cloudsdk/channels/rapid/RELEASE_NOTES HTTP/1.1" 200 1256061
2024-08-14 13:22:34,096 INFO     ___FILE_ONLY___ For the latest full release notes, please visit:
  https://cloud.google.com/sdk/release_notes


2024-08-14 13:22:34,097 INFO     ___FILE_ONLY___ Performing in place update...


2024-08-14 13:22:34,099 INFO     ___FILE_ONLY___ ╔════════════════════════════════════════════════════════════╗

2024-08-14 13:22:34,099 INFO     ___FILE_ONLY___ ╠═ Downloading: gcloud Alpha Commands                       ═╣

2024-08-14 13:22:34,099 INFO     ___FILE_ONLY___ ╚
2024-08-14 13:22:34,103 DEBUG    urllib3.connectionpool Starting new HTTPS connection (1): dl.google.com:443
2024-08-14 13:22:34,177 DEBUG    urllib3.connectionpool https://dl.google.com:443 "GET /dl/cloudsdk/channels/rapid/components/google-cloud-sdk-alpha-20240809134940.tar.gz HTTP/1.1" 200 800
2024-08-14 13:22:34,178 INFO     ___FILE_ONLY___ ════════════════════════════════════════════════════════════
2024-08-14 13:22:34,178 INFO     ___FILE_ONLY___ ╝

2024-08-14 13:22:34,180 INFO     ___FILE_ONLY___ ╔════════════════════════════════════════════════════════════╗

2024-08-14 13:22:34,180 INFO     ___FILE_ONLY___ ╠═ Downloading: gcloud Beta Commands                        ═╣

2024-08-14 13:22:34,180 INFO     ___FILE_ONLY___ ╚
2024-08-14 13:22:34,184 DEBUG    urllib3.connectionpool Starting new HTTPS connection (1): dl.google.com:443
2024-08-14 13:22:34,257 DEBUG    urllib3.connectionpool https://dl.google.com:443 "GET /dl/cloudsdk/channels/rapid/components/google-cloud-sdk-beta-20240809134940.tar.gz HTTP/1.1" 200 797
2024-08-14 13:22:34,257 INFO     ___FILE_ONLY___ ════════════════════════════════════════════════════════════
2024-08-14 13:22:34,258 INFO     ___FILE_ONLY___ ╝

2024-08-14 13:22:34,260 INFO     ___FILE_ONLY___ ╔════════════════════════════════════════════════════════════╗

2024-08-14 13:22:34,260 INFO     ___FILE_ONLY___ ╠═ Installing: gcloud Alpha Commands                        ═╣

2024-08-14 13:22:34,260 INFO     ___FILE_ONLY___ ╚
2024-08-14 13:22:34,262 INFO     ___FILE_ONLY___ ════════════════════════════════════════════════════════════
2024-08-14 13:22:34,262 INFO     ___FILE_ONLY___ ╝

2024-08-14 13:22:34,270 INFO     ___FILE_ONLY___ ╔════════════════════════════════════════════════════════════╗

2024-08-14 13:22:34,270 INFO     ___FILE_ONLY___ ╠═ Installing: gcloud Beta Commands                         ═╣

2024-08-14 13:22:34,270 INFO     ___FILE_ONLY___ ╚
2024-08-14 13:22:34,271 INFO     ___FILE_ONLY___ ════════════════════════════════════════════════════════════
2024-08-14 13:22:34,272 INFO     ___FILE_ONLY___ ╝

2024-08-14 13:22:34,279 DEBUG    root            Updating notification cache...
2024-08-14 13:22:34,280 INFO     ___FILE_ONLY___ 

2024-08-14 13:22:34,282 INFO     ___FILE_ONLY___ Performing post processing steps...
2024-08-14 13:22:34,283 DEBUG    root            Executing command: ['/tools/google-cloud-sdk/bin/gcloud', 'components', 'post-process']
2024-08-14 13:22:45,045 DEBUG    ___FILE_ONLY___ 
2024-08-14 13:22:45,046 DEBUG    ___FILE_ONLY___ 
2024-08-14 13:22:45,063 INFO     ___FILE_ONLY___ 
Update done!


2024-08-14 13:22:45,066 DEBUG    root            Chosen display Format:none
2024-08-14 13:22:45,066 INFO     root            Display format: "none"
