2024-08-14 13:22:13,219 DEBUG    root            Loaded Command Group: ['gcloud', 'components']
2024-08-14 13:22:13,223 DEBUG    root            Loaded Command Group: ['gcloud', 'components', 'update']
2024-08-14 13:22:13,226 DEBUG    root            Running [gcloud.components.update] with arguments: [--allow-no-backup: "True", --compile-python: "True", --quiet: "True", COMPONENT-IDS:6: "['core', 'gcloud-deps', 'bq', 'gcloud', 'gcloud-crc32c', 'gsutil']"]
2024-08-14 13:22:13,227 INFO     ___FILE_ONLY___ Beginning update. This process may take several minutes.

2024-08-14 13:22:13,260 DEBUG    urllib3.connectionpool Starting new HTTPS connection (1): dl.google.com:443
2024-08-14 13:22:13,397 DEBUG    urllib3.connectionpool https://dl.google.com:443 "GET /dl/cloudsdk/channels/rapid/components-2.json HTTP/1.1" 200 223380
2024-08-14 13:22:13,412 INFO     ___FILE_ONLY___ 

2024-08-14 13:22:13,413 INFO     ___FILE_ONLY___ 
Your current Google Cloud CLI version is: 488.0.0

2024-08-14 13:22:13,413 INFO     ___FILE_ONLY___ Installing components from version: 488.0.0

2024-08-14 13:22:13,413 INFO     ___FILE_ONLY___ 

2024-08-14 13:22:13,413 DEBUG    root            Chosen display Format:table[box,title="These components will be removed."](details.display_name:label=Name:align=left,version.version_string:label=Version:align=right,data.size.size(zero="",min=1048576):label=Size:align=right)
2024-08-14 13:22:13,414 DEBUG    root            Chosen display Format:table[box,title="These components will be updated."](details.display_name:label=Name:align=left,version.version_string:label=Version:align=right,data.size.size(zero="",min=1048576):label=Size:align=right)
2024-08-14 13:22:13,414 DEBUG    root            Chosen display Format:table[box,title="These components will be installed."](details.display_name:label=Name:align=left,version.version_string:label=Version:align=right,data.size.size(zero="",min=1048576):label=Size:align=right)
2024-08-14 13:22:13,458 INFO     ___FILE_ONLY___ ┌─────────────────────────────────────────────────────────────────────────────┐
2024-08-14 13:22:13,459 INFO     ___FILE_ONLY___ 

2024-08-14 13:22:13,459 INFO     ___FILE_ONLY___ │                     These components will be installed.                     │
2024-08-14 13:22:13,459 INFO     ___FILE_ONLY___ 

2024-08-14 13:22:13,459 INFO     ___FILE_ONLY___ ├─────────────────────────────────────────────────────┬────────────┬──────────┤
2024-08-14 13:22:13,459 INFO     ___FILE_ONLY___ 

2024-08-14 13:22:13,459 INFO     ___FILE_ONLY___ │                         Name                        │  Version   │   Size   │
2024-08-14 13:22:13,459 INFO     ___FILE_ONLY___ 

2024-08-14 13:22:13,459 INFO     ___FILE_ONLY___ ├─────────────────────────────────────────────────────┼────────────┼──────────┤
2024-08-14 13:22:13,459 INFO     ___FILE_ONLY___ 

2024-08-14 13:22:13,459 INFO     ___FILE_ONLY___ │ 
2024-08-14 13:22:13,459 INFO     ___FILE_ONLY___ BigQuery Command Line Tool                         
2024-08-14 13:22:13,459 INFO     ___FILE_ONLY___  
2024-08-14 13:22:13,459 INFO     ___FILE_ONLY___ │ 
2024-08-14 13:22:13,460 INFO     ___FILE_ONLY___      2.1.8
2024-08-14 13:22:13,460 INFO     ___FILE_ONLY___  
2024-08-14 13:22:13,460 INFO     ___FILE_ONLY___ │ 
2024-08-14 13:22:13,460 INFO     ___FILE_ONLY___  1.7 MiB
2024-08-14 13:22:13,460 INFO     ___FILE_ONLY___  
2024-08-14 13:22:13,460 INFO     ___FILE_ONLY___ │
2024-08-14 13:22:13,460 INFO     ___FILE_ONLY___ 

2024-08-14 13:22:13,460 INFO     ___FILE_ONLY___ │ 
2024-08-14 13:22:13,460 INFO     ___FILE_ONLY___ BigQuery Command Line Tool (Platform Specific)     
2024-08-14 13:22:13,460 INFO     ___FILE_ONLY___  
2024-08-14 13:22:13,460 INFO     ___FILE_ONLY___ │ 
2024-08-14 13:22:13,460 INFO     ___FILE_ONLY___    2.0.101
2024-08-14 13:22:13,460 INFO     ___FILE_ONLY___  
2024-08-14 13:22:13,460 INFO     ___FILE_ONLY___ │ 
2024-08-14 13:22:13,460 INFO     ___FILE_ONLY___  < 1 MiB
2024-08-14 13:22:13,460 INFO     ___FILE_ONLY___  
2024-08-14 13:22:13,461 INFO     ___FILE_ONLY___ │
2024-08-14 13:22:13,461 INFO     ___FILE_ONLY___ 

2024-08-14 13:22:13,461 INFO     ___FILE_ONLY___ │ 
2024-08-14 13:22:13,461 INFO     ___FILE_ONLY___ Bundled Python 3.11 (Platform Specific)            
2024-08-14 13:22:13,461 INFO     ___FILE_ONLY___  
2024-08-14 13:22:13,461 INFO     ___FILE_ONLY___ │ 
2024-08-14 13:22:13,461 INFO     ___FILE_ONLY___     3.11.9
2024-08-14 13:22:13,461 INFO     ___FILE_ONLY___  
2024-08-14 13:22:13,461 INFO     ___FILE_ONLY___ │ 
2024-08-14 13:22:13,461 INFO     ___FILE_ONLY___ 74.2 MiB
2024-08-14 13:22:13,461 INFO     ___FILE_ONLY___  
2024-08-14 13:22:13,461 INFO     ___FILE_ONLY___ │
2024-08-14 13:22:13,461 INFO     ___FILE_ONLY___ 

2024-08-14 13:22:13,461 INFO     ___FILE_ONLY___ │ 
2024-08-14 13:22:13,461 INFO     ___FILE_ONLY___ Cloud Storage Command Line Tool                    
2024-08-14 13:22:13,461 INFO     ___FILE_ONLY___  
2024-08-14 13:22:13,462 INFO     ___FILE_ONLY___ │ 
2024-08-14 13:22:13,462 INFO     ___FILE_ONLY___       5.30
2024-08-14 13:22:13,462 INFO     ___FILE_ONLY___  
2024-08-14 13:22:13,462 INFO     ___FILE_ONLY___ │ 
2024-08-14 13:22:13,462 INFO     ___FILE_ONLY___ 11.3 MiB
2024-08-14 13:22:13,462 INFO     ___FILE_ONLY___  
2024-08-14 13:22:13,462 INFO     ___FILE_ONLY___ │
2024-08-14 13:22:13,462 INFO     ___FILE_ONLY___ 

2024-08-14 13:22:13,462 INFO     ___FILE_ONLY___ │ 
2024-08-14 13:22:13,462 INFO     ___FILE_ONLY___ Cloud Storage Command Line Tool (Platform Specific)
2024-08-14 13:22:13,462 INFO     ___FILE_ONLY___  
2024-08-14 13:22:13,462 INFO     ___FILE_ONLY___ │ 
2024-08-14 13:22:13,462 INFO     ___FILE_ONLY___       5.27
2024-08-14 13:22:13,462 INFO     ___FILE_ONLY___  
2024-08-14 13:22:13,462 INFO     ___FILE_ONLY___ │ 
2024-08-14 13:22:13,462 INFO     ___FILE_ONLY___  < 1 MiB
2024-08-14 13:22:13,462 INFO     ___FILE_ONLY___  
2024-08-14 13:22:13,463 INFO     ___FILE_ONLY___ │
2024-08-14 13:22:13,463 INFO     ___FILE_ONLY___ 

2024-08-14 13:22:13,463 INFO     ___FILE_ONLY___ │ 
2024-08-14 13:22:13,463 INFO     ___FILE_ONLY___ Google Cloud CLI Core Libraries (Platform Specific)
2024-08-14 13:22:13,463 INFO     ___FILE_ONLY___  
2024-08-14 13:22:13,463 INFO     ___FILE_ONLY___ │ 
2024-08-14 13:22:13,463 INFO     ___FILE_ONLY___ 2024.01.06
2024-08-14 13:22:13,463 INFO     ___FILE_ONLY___  
2024-08-14 13:22:13,463 INFO     ___FILE_ONLY___ │ 
2024-08-14 13:22:13,463 INFO     ___FILE_ONLY___  < 1 MiB
2024-08-14 13:22:13,463 INFO     ___FILE_ONLY___  
2024-08-14 13:22:13,463 INFO     ___FILE_ONLY___ │
2024-08-14 13:22:13,463 INFO     ___FILE_ONLY___ 

2024-08-14 13:22:13,463 INFO     ___FILE_ONLY___ │ 
2024-08-14 13:22:13,463 INFO     ___FILE_ONLY___ Google Cloud CRC32C Hash Tool (Platform Specific)  
2024-08-14 13:22:13,463 INFO     ___FILE_ONLY___  
2024-08-14 13:22:13,464 INFO     ___FILE_ONLY___ │ 
2024-08-14 13:22:13,464 INFO     ___FILE_ONLY___      1.0.0
2024-08-14 13:22:13,464 INFO     ___FILE_ONLY___  
2024-08-14 13:22:13,464 INFO     ___FILE_ONLY___ │ 
2024-08-14 13:22:13,464 INFO     ___FILE_ONLY___  1.3 MiB
2024-08-14 13:22:13,464 INFO     ___FILE_ONLY___  
2024-08-14 13:22:13,464 INFO     ___FILE_ONLY___ │
2024-08-14 13:22:13,464 INFO     ___FILE_ONLY___ 

2024-08-14 13:22:13,464 INFO     ___FILE_ONLY___ │ 
2024-08-14 13:22:13,464 INFO     ___FILE_ONLY___ gcloud cli dependencies (Platform Specific)        
2024-08-14 13:22:13,464 INFO     ___FILE_ONLY___  
2024-08-14 13:22:13,464 INFO     ___FILE_ONLY___ │ 
2024-08-14 13:22:13,464 INFO     ___FILE_ONLY___ 2021.04.16
2024-08-14 13:22:13,464 INFO     ___FILE_ONLY___  
2024-08-14 13:22:13,464 INFO     ___FILE_ONLY___ │ 
2024-08-14 13:22:13,464 INFO     ___FILE_ONLY___  < 1 MiB
2024-08-14 13:22:13,464 INFO     ___FILE_ONLY___  
2024-08-14 13:22:13,465 INFO     ___FILE_ONLY___ │
2024-08-14 13:22:13,465 INFO     ___FILE_ONLY___ 

2024-08-14 13:22:13,465 INFO     ___FILE_ONLY___ └─────────────────────────────────────────────────────┴────────────┴──────────┘
2024-08-14 13:22:13,465 INFO     ___FILE_ONLY___ 

2024-08-14 13:22:13,465 INFO     ___FILE_ONLY___ 

2024-08-14 13:22:13,468 DEBUG    urllib3.connectionpool Starting new HTTPS connection (1): dl.google.com:443
2024-08-14 13:22:13,607 DEBUG    urllib3.connectionpool https://dl.google.com:443 "GET /dl/cloudsdk/channels/rapid/RELEASE_NOTES HTTP/1.1" 200 1256061
2024-08-14 13:22:13,645 INFO     ___FILE_ONLY___ For the latest full release notes, please visit:
  https://cloud.google.com/sdk/release_notes


2024-08-14 13:22:13,646 INFO     ___FILE_ONLY___ Performing in place update...


2024-08-14 13:22:13,648 INFO     ___FILE_ONLY___ ╔════════════════════════════════════════════════════════════╗

2024-08-14 13:22:13,648 INFO     ___FILE_ONLY___ ╠═ Downloading: BigQuery Command Line Tool                  ═╣

2024-08-14 13:22:13,649 INFO     ___FILE_ONLY___ ╚
2024-08-14 13:22:13,652 DEBUG    urllib3.connectionpool Starting new HTTPS connection (1): dl.google.com:443
2024-08-14 13:22:13,784 DEBUG    urllib3.connectionpool https://dl.google.com:443 "GET /dl/cloudsdk/channels/rapid/components/google-cloud-sdk-bq-20240809134940.tar.gz HTTP/1.1" 200 1818407
2024-08-14 13:22:13,795 INFO     ___FILE_ONLY___ ═
2024-08-14 13:22:13,795 INFO     ___FILE_ONLY___ ═
2024-08-14 13:22:13,795 INFO     ___FILE_ONLY___ ═
2024-08-14 13:22:13,796 INFO     ___FILE_ONLY___ ═
2024-08-14 13:22:13,796 INFO     ___FILE_ONLY___ ═
2024-08-14 13:22:13,796 INFO     ___FILE_ONLY___ ═
2024-08-14 13:22:13,796 INFO     ___FILE_ONLY___ ═
2024-08-14 13:22:13,796 INFO     ___FILE_ONLY___ ═
2024-08-14 13:22:13,796 INFO     ___FILE_ONLY___ ═
2024-08-14 13:22:13,796 INFO     ___FILE_ONLY___ ═
2024-08-14 13:22:13,796 INFO     ___FILE_ONLY___ ═
2024-08-14 13:22:13,796 INFO     ___FILE_ONLY___ ═
2024-08-14 13:22:13,796 INFO     ___FILE_ONLY___ ═
2024-08-14 13:22:13,797 INFO     ___FILE_ONLY___ ═
2024-08-14 13:22:13,797 INFO     ___FILE_ONLY___ ═
2024-08-14 13:22:13,797 INFO     ___FILE_ONLY___ ═
2024-08-14 13:22:13,797 INFO     ___FILE_ONLY___ ═
2024-08-14 13:22:13,797 INFO     ___FILE_ONLY___ ═
2024-08-14 13:22:13,797 INFO     ___FILE_ONLY___ ═
2024-08-14 13:22:13,797 INFO     ___FILE_ONLY___ ═
2024-08-14 13:22:13,797 INFO     ___FILE_ONLY___ ═
2024-08-14 13:22:13,797 INFO     ___FILE_ONLY___ ═
2024-08-14 13:22:13,797 INFO     ___FILE_ONLY___ ═
2024-08-14 13:22:13,798 INFO     ___FILE_ONLY___ ═
2024-08-14 13:22:13,798 INFO     ___FILE_ONLY___ ═
2024-08-14 13:22:13,798 INFO     ___FILE_ONLY___ ═
2024-08-14 13:22:13,798 INFO     ___FILE_ONLY___ ═
2024-08-14 13:22:13,798 INFO     ___FILE_ONLY___ ═
2024-08-14 13:22:13,798 INFO     ___FILE_ONLY___ ═
2024-08-14 13:22:13,798 INFO     ___FILE_ONLY___ ═
2024-08-14 13:22:13,798 INFO     ___FILE_ONLY___ ═
2024-08-14 13:22:13,798 INFO     ___FILE_ONLY___ ═
2024-08-14 13:22:13,799 INFO     ___FILE_ONLY___ ═
2024-08-14 13:22:13,799 INFO     ___FILE_ONLY___ ═
2024-08-14 13:22:13,799 INFO     ___FILE_ONLY___ ═
2024-08-14 13:22:13,800 INFO     ___FILE_ONLY___ ═
2024-08-14 13:22:13,800 INFO     ___FILE_ONLY___ ═
2024-08-14 13:22:13,800 INFO     ___FILE_ONLY___ ═
2024-08-14 13:22:13,800 INFO     ___FILE_ONLY___ ═
2024-08-14 13:22:13,800 INFO     ___FILE_ONLY___ ═
2024-08-14 13:22:13,800 INFO     ___FILE_ONLY___ ═
2024-08-14 13:22:13,800 INFO     ___FILE_ONLY___ ═
2024-08-14 13:22:13,800 INFO     ___FILE_ONLY___ ═
2024-08-14 13:22:13,801 INFO     ___FILE_ONLY___ ═
2024-08-14 13:22:13,801 INFO     ___FILE_ONLY___ ═
2024-08-14 13:22:13,801 INFO     ___FILE_ONLY___ ═
2024-08-14 13:22:13,801 INFO     ___FILE_ONLY___ ═
2024-08-14 13:22:13,801 INFO     ___FILE_ONLY___ ═
2024-08-14 13:22:13,801 INFO     ___FILE_ONLY___ ═
2024-08-14 13:22:13,801 INFO     ___FILE_ONLY___ ═
2024-08-14 13:22:13,801 INFO     ___FILE_ONLY___ ═
2024-08-14 13:22:13,801 INFO     ___FILE_ONLY___ ═
2024-08-14 13:22:13,801 INFO     ___FILE_ONLY___ ═
2024-08-14 13:22:13,802 INFO     ___FILE_ONLY___ ═
2024-08-14 13:22:13,802 INFO     ___FILE_ONLY___ ═
2024-08-14 13:22:13,802 INFO     ___FILE_ONLY___ ═
2024-08-14 13:22:13,802 INFO     ___FILE_ONLY___ ═
2024-08-14 13:22:13,802 INFO     ___FILE_ONLY___ ═
2024-08-14 13:22:13,802 INFO     ___FILE_ONLY___ ═
2024-08-14 13:22:13,802 INFO     ___FILE_ONLY___ ═
2024-08-14 13:22:13,802 INFO     ___FILE_ONLY___ ╝

2024-08-14 13:22:13,804 INFO     ___FILE_ONLY___ ╔════════════════════════════════════════════════════════════╗

2024-08-14 13:22:13,805 INFO     ___FILE_ONLY___ ╠═ Downloading: BigQuery Command Line Tool (Platform Spe... ═╣

2024-08-14 13:22:13,805 INFO     ___FILE_ONLY___ ╚
2024-08-14 13:22:13,808 DEBUG    urllib3.connectionpool Starting new HTTPS connection (1): dl.google.com:443
2024-08-14 13:22:13,879 DEBUG    urllib3.connectionpool https://dl.google.com:443 "GET /dl/cloudsdk/channels/rapid/components/google-cloud-sdk-bq-nix-20240106004423.tar.gz HTTP/1.1" 200 2026
2024-08-14 13:22:13,880 INFO     ___FILE_ONLY___ ════════════════════════════════════════════════════════════
2024-08-14 13:22:13,880 INFO     ___FILE_ONLY___ ╝

2024-08-14 13:22:13,882 INFO     ___FILE_ONLY___ ╔════════════════════════════════════════════════════════════╗

2024-08-14 13:22:13,882 INFO     ___FILE_ONLY___ ╠═ Downloading: Bundled Python 3.11                         ═╣

2024-08-14 13:22:13,882 INFO     ___FILE_ONLY___ ╚
2024-08-14 13:22:13,882 INFO     ___FILE_ONLY___ ════════════════════════════════════════════════════════════
2024-08-14 13:22:13,883 INFO     ___FILE_ONLY___ ╝

2024-08-14 13:22:13,885 INFO     ___FILE_ONLY___ ╔════════════════════════════════════════════════════════════╗

2024-08-14 13:22:13,885 INFO     ___FILE_ONLY___ ╠═ Downloading: Bundled Python 3.11 (Platform Specific)     ═╣

2024-08-14 13:22:13,885 INFO     ___FILE_ONLY___ ╚
2024-08-14 13:22:13,888 DEBUG    urllib3.connectionpool Starting new HTTPS connection (1): dl.google.com:443
2024-08-14 13:22:13,960 DEBUG    urllib3.connectionpool https://dl.google.com:443 "GET /dl/cloudsdk/channels/rapid/components/google-cloud-sdk-bundled-python3-unix-linux-x86_64-20240806142304.tar.gz HTTP/1.1" 200 77768547
2024-08-14 13:22:14,233 INFO     ___FILE_ONLY___ ═
2024-08-14 13:22:14,235 INFO     ___FILE_ONLY___ ═
2024-08-14 13:22:14,236 INFO     ___FILE_ONLY___ ═
2024-08-14 13:22:14,238 INFO     ___FILE_ONLY___ ═
2024-08-14 13:22:14,239 INFO     ___FILE_ONLY___ ═
2024-08-14 13:22:14,241 INFO     ___FILE_ONLY___ ═
2024-08-14 13:22:14,242 INFO     ___FILE_ONLY___ ═
2024-08-14 13:22:14,244 INFO     ___FILE_ONLY___ ═
2024-08-14 13:22:14,245 INFO     ___FILE_ONLY___ ═
2024-08-14 13:22:14,247 INFO     ___FILE_ONLY___ ═
2024-08-14 13:22:14,248 INFO     ___FILE_ONLY___ ═
2024-08-14 13:22:14,249 INFO     ___FILE_ONLY___ ═
2024-08-14 13:22:14,251 INFO     ___FILE_ONLY___ ═
2024-08-14 13:22:14,252 INFO     ___FILE_ONLY___ ═
2024-08-14 13:22:14,254 INFO     ___FILE_ONLY___ ═
2024-08-14 13:22:14,255 INFO     ___FILE_ONLY___ ═
2024-08-14 13:22:14,257 INFO     ___FILE_ONLY___ ═
2024-08-14 13:22:14,258 INFO     ___FILE_ONLY___ ═
2024-08-14 13:22:14,259 INFO     ___FILE_ONLY___ ═
2024-08-14 13:22:14,261 INFO     ___FILE_ONLY___ ═
2024-08-14 13:22:14,262 INFO     ___FILE_ONLY___ ═
2024-08-14 13:22:14,264 INFO     ___FILE_ONLY___ ═
2024-08-14 13:22:14,265 INFO     ___FILE_ONLY___ ═
2024-08-14 13:22:14,267 INFO     ___FILE_ONLY___ ═
2024-08-14 13:22:14,268 INFO     ___FILE_ONLY___ ═
2024-08-14 13:22:14,269 INFO     ___FILE_ONLY___ ═
2024-08-14 13:22:14,271 INFO     ___FILE_ONLY___ ═
2024-08-14 13:22:14,272 INFO     ___FILE_ONLY___ ═
2024-08-14 13:22:14,274 INFO     ___FILE_ONLY___ ═
2024-08-14 13:22:14,275 INFO     ___FILE_ONLY___ ═
2024-08-14 13:22:14,276 INFO     ___FILE_ONLY___ ═
2024-08-14 13:22:14,278 INFO     ___FILE_ONLY___ ═
2024-08-14 13:22:14,279 INFO     ___FILE_ONLY___ ═
2024-08-14 13:22:14,281 INFO     ___FILE_ONLY___ ═
2024-08-14 13:22:14,282 INFO     ___FILE_ONLY___ ═
2024-08-14 13:22:14,283 INFO     ___FILE_ONLY___ ═
2024-08-14 13:22:14,285 INFO     ___FILE_ONLY___ ═
2024-08-14 13:22:14,286 INFO     ___FILE_ONLY___ ═
2024-08-14 13:22:14,288 INFO     ___FILE_ONLY___ ═
2024-08-14 13:22:14,289 INFO     ___FILE_ONLY___ ═
2024-08-14 13:22:14,290 INFO     ___FILE_ONLY___ ═
2024-08-14 13:22:14,292 INFO     ___FILE_ONLY___ ═
2024-08-14 13:22:14,293 INFO     ___FILE_ONLY___ ═
2024-08-14 13:22:14,295 INFO     ___FILE_ONLY___ ═
2024-08-14 13:22:14,296 INFO     ___FILE_ONLY___ ═
2024-08-14 13:22:14,297 INFO     ___FILE_ONLY___ ═
2024-08-14 13:22:14,299 INFO     ___FILE_ONLY___ ═
2024-08-14 13:22:14,300 INFO     ___FILE_ONLY___ ═
2024-08-14 13:22:14,302 INFO     ___FILE_ONLY___ ═
2024-08-14 13:22:14,303 INFO     ___FILE_ONLY___ ═
2024-08-14 13:22:14,304 INFO     ___FILE_ONLY___ ═
2024-08-14 13:22:14,306 INFO     ___FILE_ONLY___ ═
2024-08-14 13:22:14,307 INFO     ___FILE_ONLY___ ═
2024-08-14 13:22:14,309 INFO     ___FILE_ONLY___ ═
2024-08-14 13:22:14,310 INFO     ___FILE_ONLY___ ═
2024-08-14 13:22:14,312 INFO     ___FILE_ONLY___ ═
2024-08-14 13:22:14,313 INFO     ___FILE_ONLY___ ═
2024-08-14 13:22:14,315 INFO     ___FILE_ONLY___ ═
2024-08-14 13:22:14,316 INFO     ___FILE_ONLY___ ═
2024-08-14 13:22:14,318 INFO     ___FILE_ONLY___ ═
2024-08-14 13:22:14,318 INFO     ___FILE_ONLY___ ╝

2024-08-14 13:22:14,321 INFO     ___FILE_ONLY___ ╔════════════════════════════════════════════════════════════╗

2024-08-14 13:22:14,321 INFO     ___FILE_ONLY___ ╠═ Downloading: Cloud Storage Command Line Tool             ═╣

2024-08-14 13:22:14,321 INFO     ___FILE_ONLY___ ╚
2024-08-14 13:22:14,330 DEBUG    urllib3.connectionpool Starting new HTTPS connection (1): dl.google.com:443
2024-08-14 13:22:14,468 DEBUG    urllib3.connectionpool https://dl.google.com:443 "GET /dl/cloudsdk/channels/rapid/components/google-cloud-sdk-gsutil-20240614142823.tar.gz HTTP/1.1" 200 11883175
2024-08-14 13:22:14,505 INFO     ___FILE_ONLY___ ═
2024-08-14 13:22:14,505 INFO     ___FILE_ONLY___ ═
2024-08-14 13:22:14,506 INFO     ___FILE_ONLY___ ═
2024-08-14 13:22:14,506 INFO     ___FILE_ONLY___ ═
2024-08-14 13:22:14,506 INFO     ___FILE_ONLY___ ═
2024-08-14 13:22:14,507 INFO     ___FILE_ONLY___ ═
2024-08-14 13:22:14,507 INFO     ___FILE_ONLY___ ═
2024-08-14 13:22:14,507 INFO     ___FILE_ONLY___ ═
2024-08-14 13:22:14,507 INFO     ___FILE_ONLY___ ═
2024-08-14 13:22:14,508 INFO     ___FILE_ONLY___ ═
2024-08-14 13:22:14,508 INFO     ___FILE_ONLY___ ═
2024-08-14 13:22:14,508 INFO     ___FILE_ONLY___ ═
2024-08-14 13:22:14,509 INFO     ___FILE_ONLY___ ═
2024-08-14 13:22:14,509 INFO     ___FILE_ONLY___ ═
2024-08-14 13:22:14,509 INFO     ___FILE_ONLY___ ═
2024-08-14 13:22:14,510 INFO     ___FILE_ONLY___ ═
2024-08-14 13:22:14,510 INFO     ___FILE_ONLY___ ═
2024-08-14 13:22:14,510 INFO     ___FILE_ONLY___ ═
2024-08-14 13:22:14,510 INFO     ___FILE_ONLY___ ═
2024-08-14 13:22:14,511 INFO     ___FILE_ONLY___ ═
2024-08-14 13:22:14,511 INFO     ___FILE_ONLY___ ═
2024-08-14 13:22:14,511 INFO     ___FILE_ONLY___ ═
2024-08-14 13:22:14,512 INFO     ___FILE_ONLY___ ═
2024-08-14 13:22:14,512 INFO     ___FILE_ONLY___ ═
2024-08-14 13:22:14,512 INFO     ___FILE_ONLY___ ═
2024-08-14 13:22:14,512 INFO     ___FILE_ONLY___ ═
2024-08-14 13:22:14,513 INFO     ___FILE_ONLY___ ═
2024-08-14 13:22:14,514 INFO     ___FILE_ONLY___ ═
2024-08-14 13:22:14,514 INFO     ___FILE_ONLY___ ═
2024-08-14 13:22:14,514 INFO     ___FILE_ONLY___ ═
2024-08-14 13:22:14,515 INFO     ___FILE_ONLY___ ═
2024-08-14 13:22:14,515 INFO     ___FILE_ONLY___ ═
2024-08-14 13:22:14,515 INFO     ___FILE_ONLY___ ═
2024-08-14 13:22:14,516 INFO     ___FILE_ONLY___ ═
2024-08-14 13:22:14,516 INFO     ___FILE_ONLY___ ═
2024-08-14 13:22:14,517 INFO     ___FILE_ONLY___ ═
2024-08-14 13:22:14,517 INFO     ___FILE_ONLY___ ═
2024-08-14 13:22:14,517 INFO     ___FILE_ONLY___ ═
2024-08-14 13:22:14,518 INFO     ___FILE_ONLY___ ═
2024-08-14 13:22:14,518 INFO     ___FILE_ONLY___ ═
2024-08-14 13:22:14,518 INFO     ___FILE_ONLY___ ═
2024-08-14 13:22:14,518 INFO     ___FILE_ONLY___ ═
2024-08-14 13:22:14,519 INFO     ___FILE_ONLY___ ═
2024-08-14 13:22:14,519 INFO     ___FILE_ONLY___ ═
2024-08-14 13:22:14,519 INFO     ___FILE_ONLY___ ═
2024-08-14 13:22:14,520 INFO     ___FILE_ONLY___ ═
2024-08-14 13:22:14,520 INFO     ___FILE_ONLY___ ═
2024-08-14 13:22:14,520 INFO     ___FILE_ONLY___ ═
2024-08-14 13:22:14,520 INFO     ___FILE_ONLY___ ═
2024-08-14 13:22:14,521 INFO     ___FILE_ONLY___ ═
2024-08-14 13:22:14,521 INFO     ___FILE_ONLY___ ═
2024-08-14 13:22:14,521 INFO     ___FILE_ONLY___ ═
2024-08-14 13:22:14,522 INFO     ___FILE_ONLY___ ═
2024-08-14 13:22:14,522 INFO     ___FILE_ONLY___ ═
2024-08-14 13:22:14,522 INFO     ___FILE_ONLY___ ═
2024-08-14 13:22:14,522 INFO     ___FILE_ONLY___ ═
2024-08-14 13:22:14,523 INFO     ___FILE_ONLY___ ═
2024-08-14 13:22:14,523 INFO     ___FILE_ONLY___ ═
2024-08-14 13:22:14,523 INFO     ___FILE_ONLY___ ═
2024-08-14 13:22:14,524 INFO     ___FILE_ONLY___ ═
2024-08-14 13:22:14,524 INFO     ___FILE_ONLY___ ╝

2024-08-14 13:22:14,526 INFO     ___FILE_ONLY___ ╔════════════════════════════════════════════════════════════╗

2024-08-14 13:22:14,526 INFO     ___FILE_ONLY___ ╠═ Downloading: Cloud Storage Command Line Tool (Platfor... ═╣

2024-08-14 13:22:14,526 INFO     ___FILE_ONLY___ ╚
2024-08-14 13:22:14,530 DEBUG    urllib3.connectionpool Starting new HTTPS connection (1): dl.google.com:443
2024-08-14 13:22:14,605 DEBUG    urllib3.connectionpool https://dl.google.com:443 "GET /dl/cloudsdk/channels/rapid/components/google-cloud-sdk-gsutil-nix-20240106004423.tar.gz HTTP/1.1" 200 2042
2024-08-14 13:22:14,606 INFO     ___FILE_ONLY___ ════════════════════════════════════════════════════════════
2024-08-14 13:22:14,606 INFO     ___FILE_ONLY___ ╝

2024-08-14 13:22:14,608 INFO     ___FILE_ONLY___ ╔════════════════════════════════════════════════════════════╗

2024-08-14 13:22:14,608 INFO     ___FILE_ONLY___ ╠═ Downloading: Default set of gcloud commands              ═╣

2024-08-14 13:22:14,608 INFO     ___FILE_ONLY___ ╚
2024-08-14 13:22:14,608 INFO     ___FILE_ONLY___ ════════════════════════════════════════════════════════════
2024-08-14 13:22:14,609 INFO     ___FILE_ONLY___ ╝

2024-08-14 13:22:14,610 INFO     ___FILE_ONLY___ ╔════════════════════════════════════════════════════════════╗

2024-08-14 13:22:14,611 INFO     ___FILE_ONLY___ ╠═ Downloading: Google Cloud CLI Core Libraries (Platfor... ═╣

2024-08-14 13:22:14,611 INFO     ___FILE_ONLY___ ╚
2024-08-14 13:22:14,614 DEBUG    urllib3.connectionpool Starting new HTTPS connection (1): dl.google.com:443
2024-08-14 13:22:14,687 DEBUG    urllib3.connectionpool https://dl.google.com:443 "GET /dl/cloudsdk/channels/rapid/components/google-cloud-sdk-core-nix-20240106004423.tar.gz HTTP/1.1" 200 2410
2024-08-14 13:22:14,688 INFO     ___FILE_ONLY___ ════════════════════════════════════════════════════════════
2024-08-14 13:22:14,688 INFO     ___FILE_ONLY___ ╝

2024-08-14 13:22:14,690 INFO     ___FILE_ONLY___ ╔════════════════════════════════════════════════════════════╗

2024-08-14 13:22:14,690 INFO     ___FILE_ONLY___ ╠═ Downloading: Google Cloud CRC32C Hash Tool               ═╣

2024-08-14 13:22:14,690 INFO     ___FILE_ONLY___ ╚
2024-08-14 13:22:14,690 INFO     ___FILE_ONLY___ ════════════════════════════════════════════════════════════
2024-08-14 13:22:14,690 INFO     ___FILE_ONLY___ ╝

2024-08-14 13:22:14,692 INFO     ___FILE_ONLY___ ╔════════════════════════════════════════════════════════════╗

2024-08-14 13:22:14,692 INFO     ___FILE_ONLY___ ╠═ Downloading: Google Cloud CRC32C Hash Tool (Platform ... ═╣

2024-08-14 13:22:14,692 INFO     ___FILE_ONLY___ ╚
2024-08-14 13:22:14,696 DEBUG    urllib3.connectionpool Starting new HTTPS connection (1): dl.google.com:443
2024-08-14 13:22:14,826 DEBUG    urllib3.connectionpool https://dl.google.com:443 "GET /dl/cloudsdk/channels/rapid/components/google-cloud-sdk-gcloud-crc32c-linux-x86_64-20240712142834.tar.gz HTTP/1.1" 200 1350263
2024-08-14 13:22:14,835 INFO     ___FILE_ONLY___ ═
2024-08-14 13:22:14,836 INFO     ___FILE_ONLY___ ═
2024-08-14 13:22:14,836 INFO     ___FILE_ONLY___ ═
2024-08-14 13:22:14,836 INFO     ___FILE_ONLY___ ═
2024-08-14 13:22:14,836 INFO     ___FILE_ONLY___ ═
2024-08-14 13:22:14,836 INFO     ___FILE_ONLY___ ═
2024-08-14 13:22:14,836 INFO     ___FILE_ONLY___ ═
2024-08-14 13:22:14,836 INFO     ___FILE_ONLY___ ═
2024-08-14 13:22:14,836 INFO     ___FILE_ONLY___ ═
2024-08-14 13:22:14,836 INFO     ___FILE_ONLY___ ═
2024-08-14 13:22:14,836 INFO     ___FILE_ONLY___ ═
2024-08-14 13:22:14,837 INFO     ___FILE_ONLY___ ═
2024-08-14 13:22:14,837 INFO     ___FILE_ONLY___ ═
2024-08-14 13:22:14,837 INFO     ___FILE_ONLY___ ═
2024-08-14 13:22:14,837 INFO     ___FILE_ONLY___ ═
2024-08-14 13:22:14,837 INFO     ___FILE_ONLY___ ═
2024-08-14 13:22:14,837 INFO     ___FILE_ONLY___ ═
2024-08-14 13:22:14,837 INFO     ___FILE_ONLY___ ═
2024-08-14 13:22:14,837 INFO     ___FILE_ONLY___ ═
2024-08-14 13:22:14,837 INFO     ___FILE_ONLY___ ═
2024-08-14 13:22:14,837 INFO     ___FILE_ONLY___ ═
2024-08-14 13:22:14,838 INFO     ___FILE_ONLY___ ═
2024-08-14 13:22:14,838 INFO     ___FILE_ONLY___ ═
2024-08-14 13:22:14,838 INFO     ___FILE_ONLY___ ═
2024-08-14 13:22:14,838 INFO     ___FILE_ONLY___ ═
2024-08-14 13:22:14,838 INFO     ___FILE_ONLY___ ═
2024-08-14 13:22:14,838 INFO     ___FILE_ONLY___ ═
2024-08-14 13:22:14,838 INFO     ___FILE_ONLY___ ═
2024-08-14 13:22:14,838 INFO     ___FILE_ONLY___ ═
2024-08-14 13:22:14,838 INFO     ___FILE_ONLY___ ═
2024-08-14 13:22:14,838 INFO     ___FILE_ONLY___ ═
2024-08-14 13:22:14,838 INFO     ___FILE_ONLY___ ═
2024-08-14 13:22:14,839 INFO     ___FILE_ONLY___ ═
2024-08-14 13:22:14,839 INFO     ___FILE_ONLY___ ═
2024-08-14 13:22:14,839 INFO     ___FILE_ONLY___ ═
2024-08-14 13:22:14,839 INFO     ___FILE_ONLY___ ═
2024-08-14 13:22:14,839 INFO     ___FILE_ONLY___ ═
2024-08-14 13:22:14,839 INFO     ___FILE_ONLY___ ═
2024-08-14 13:22:14,839 INFO     ___FILE_ONLY___ ═
2024-08-14 13:22:14,839 INFO     ___FILE_ONLY___ ═
2024-08-14 13:22:14,839 INFO     ___FILE_ONLY___ ═
2024-08-14 13:22:14,839 INFO     ___FILE_ONLY___ ═
2024-08-14 13:22:14,840 INFO     ___FILE_ONLY___ ═
2024-08-14 13:22:14,840 INFO     ___FILE_ONLY___ ═
2024-08-14 13:22:14,840 INFO     ___FILE_ONLY___ ═
2024-08-14 13:22:14,840 INFO     ___FILE_ONLY___ ═
2024-08-14 13:22:14,840 INFO     ___FILE_ONLY___ ═
2024-08-14 13:22:14,840 INFO     ___FILE_ONLY___ ═
2024-08-14 13:22:14,840 INFO     ___FILE_ONLY___ ═
2024-08-14 13:22:14,840 INFO     ___FILE_ONLY___ ═
2024-08-14 13:22:14,840 INFO     ___FILE_ONLY___ ═
2024-08-14 13:22:14,840 INFO     ___FILE_ONLY___ ═
2024-08-14 13:22:14,840 INFO     ___FILE_ONLY___ ═
2024-08-14 13:22:14,841 INFO     ___FILE_ONLY___ ═
2024-08-14 13:22:14,841 INFO     ___FILE_ONLY___ ═
2024-08-14 13:22:14,841 INFO     ___FILE_ONLY___ ═
2024-08-14 13:22:14,841 INFO     ___FILE_ONLY___ ═
2024-08-14 13:22:14,841 INFO     ___FILE_ONLY___ ═
2024-08-14 13:22:14,841 INFO     ___FILE_ONLY___ ═
2024-08-14 13:22:14,841 INFO     ___FILE_ONLY___ ═
2024-08-14 13:22:14,841 INFO     ___FILE_ONLY___ ╝

2024-08-14 13:22:14,843 INFO     ___FILE_ONLY___ ╔════════════════════════════════════════════════════════════╗

2024-08-14 13:22:14,844 INFO     ___FILE_ONLY___ ╠═ Downloading: gcloud cli dependencies (Platform Specific) ═╣

2024-08-14 13:22:14,844 INFO     ___FILE_ONLY___ ╚
2024-08-14 13:22:14,847 DEBUG    urllib3.connectionpool Starting new HTTPS connection (1): dl.google.com:443
2024-08-14 13:22:14,976 DEBUG    urllib3.connectionpool https://dl.google.com:443 "GET /dl/cloudsdk/channels/rapid/components/google-cloud-sdk-gcloud-deps-linux-x86_64-20210416153011.tar.gz HTTP/1.1" 200 104
2024-08-14 13:22:14,977 INFO     ___FILE_ONLY___ ════════════════════════════════════════════════════════════
2024-08-14 13:22:14,977 INFO     ___FILE_ONLY___ ╝

2024-08-14 13:22:14,980 INFO     ___FILE_ONLY___ ╔════════════════════════════════════════════════════════════╗

2024-08-14 13:22:14,980 INFO     ___FILE_ONLY___ ╠═ Installing: BigQuery Command Line Tool                   ═╣

2024-08-14 13:22:14,980 INFO     ___FILE_ONLY___ ╚
2024-08-14 13:22:15,104 INFO     ___FILE_ONLY___ ═
2024-08-14 13:22:15,107 INFO     ___FILE_ONLY___ ═
2024-08-14 13:22:15,110 INFO     ___FILE_ONLY___ ═
2024-08-14 13:22:15,112 INFO     ___FILE_ONLY___ ═
2024-08-14 13:22:15,115 INFO     ___FILE_ONLY___ ═
2024-08-14 13:22:15,117 INFO     ___FILE_ONLY___ ═
2024-08-14 13:22:15,120 INFO     ___FILE_ONLY___ ═
2024-08-14 13:22:15,122 INFO     ___FILE_ONLY___ ═
2024-08-14 13:22:15,124 INFO     ___FILE_ONLY___ ═
2024-08-14 13:22:15,126 INFO     ___FILE_ONLY___ ═
2024-08-14 13:22:15,128 INFO     ___FILE_ONLY___ ═
2024-08-14 13:22:15,131 INFO     ___FILE_ONLY___ ═
2024-08-14 13:22:15,133 INFO     ___FILE_ONLY___ ═
2024-08-14 13:22:15,136 INFO     ___FILE_ONLY___ ═
2024-08-14 13:22:15,138 INFO     ___FILE_ONLY___ ═
2024-08-14 13:22:15,140 INFO     ___FILE_ONLY___ ═
2024-08-14 13:22:15,143 INFO     ___FILE_ONLY___ ═
2024-08-14 13:22:15,146 INFO     ___FILE_ONLY___ ═
2024-08-14 13:22:15,148 INFO     ___FILE_ONLY___ ═
2024-08-14 13:22:15,151 INFO     ___FILE_ONLY___ ═
2024-08-14 13:22:15,153 INFO     ___FILE_ONLY___ ═
2024-08-14 13:22:15,155 INFO     ___FILE_ONLY___ ═
2024-08-14 13:22:15,157 INFO     ___FILE_ONLY___ ═
2024-08-14 13:22:15,159 INFO     ___FILE_ONLY___ ═
2024-08-14 13:22:15,161 INFO     ___FILE_ONLY___ ═
2024-08-14 13:22:15,163 INFO     ___FILE_ONLY___ ═
2024-08-14 13:22:15,166 INFO     ___FILE_ONLY___ ═
2024-08-14 13:22:15,170 INFO     ___FILE_ONLY___ ═
2024-08-14 13:22:15,172 INFO     ___FILE_ONLY___ ═
2024-08-14 13:22:15,174 INFO     ___FILE_ONLY___ ═
2024-08-14 13:22:15,176 INFO     ___FILE_ONLY___ ═
2024-08-14 13:22:15,178 INFO     ___FILE_ONLY___ ═
2024-08-14 13:22:15,181 INFO     ___FILE_ONLY___ ═
2024-08-14 13:22:15,185 INFO     ___FILE_ONLY___ ═
2024-08-14 13:22:15,193 INFO     ___FILE_ONLY___ ═
2024-08-14 13:22:15,196 INFO     ___FILE_ONLY___ ═
2024-08-14 13:22:15,200 INFO     ___FILE_ONLY___ ═
2024-08-14 13:22:15,206 INFO     ___FILE_ONLY___ ═
2024-08-14 13:22:15,208 INFO     ___FILE_ONLY___ ═
2024-08-14 13:22:15,211 INFO     ___FILE_ONLY___ ═
2024-08-14 13:22:15,213 INFO     ___FILE_ONLY___ ═
2024-08-14 13:22:15,217 INFO     ___FILE_ONLY___ ═
2024-08-14 13:22:15,220 INFO     ___FILE_ONLY___ ═
2024-08-14 13:22:15,222 INFO     ___FILE_ONLY___ ═
2024-08-14 13:22:15,224 INFO     ___FILE_ONLY___ ═
2024-08-14 13:22:15,227 INFO     ___FILE_ONLY___ ═
2024-08-14 13:22:15,229 INFO     ___FILE_ONLY___ ═
2024-08-14 13:22:15,232 INFO     ___FILE_ONLY___ ═
2024-08-14 13:22:15,235 INFO     ___FILE_ONLY___ ═
2024-08-14 13:22:15,237 INFO     ___FILE_ONLY___ ═
2024-08-14 13:22:15,239 INFO     ___FILE_ONLY___ ═
2024-08-14 13:22:15,241 INFO     ___FILE_ONLY___ ═
2024-08-14 13:22:15,243 INFO     ___FILE_ONLY___ ═
2024-08-14 13:22:15,245 INFO     ___FILE_ONLY___ ═
2024-08-14 13:22:15,248 INFO     ___FILE_ONLY___ ═
2024-08-14 13:22:15,249 INFO     ___FILE_ONLY___ ═
2024-08-14 13:22:15,251 INFO     ___FILE_ONLY___ ═
2024-08-14 13:22:15,254 INFO     ___FILE_ONLY___ ═
2024-08-14 13:22:15,256 INFO     ___FILE_ONLY___ ═
2024-08-14 13:22:15,258 INFO     ___FILE_ONLY___ ═
2024-08-14 13:22:15,259 INFO     ___FILE_ONLY___ ╝

2024-08-14 13:22:15,271 INFO     ___FILE_ONLY___ ╔════════════════════════════════════════════════════════════╗

2024-08-14 13:22:15,271 INFO     ___FILE_ONLY___ ╠═ Installing: BigQuery Command Line Tool (Platform Spec... ═╣

2024-08-14 13:22:15,271 INFO     ___FILE_ONLY___ ╚
2024-08-14 13:22:15,272 INFO     ___FILE_ONLY___ ════════════════════════════════════════════════════════════
2024-08-14 13:22:15,272 INFO     ___FILE_ONLY___ ╝

2024-08-14 13:22:15,278 INFO     ___FILE_ONLY___ ╔════════════════════════════════════════════════════════════╗

2024-08-14 13:22:15,279 INFO     ___FILE_ONLY___ ╠═ Installing: Bundled Python 3.11                          ═╣

2024-08-14 13:22:15,279 INFO     ___FILE_ONLY___ ╚
2024-08-14 13:22:15,283 INFO     ___FILE_ONLY___ ════════════════════════════════════════════════════════════
2024-08-14 13:22:15,283 INFO     ___FILE_ONLY___ ╝

2024-08-14 13:22:15,285 INFO     ___FILE_ONLY___ ╔════════════════════════════════════════════════════════════╗

2024-08-14 13:22:15,285 INFO     ___FILE_ONLY___ ╠═ Installing: Bundled Python 3.11 (Platform Specific)      ═╣

2024-08-14 13:22:15,285 INFO     ___FILE_ONLY___ ╚
2024-08-14 13:22:17,459 INFO     ___FILE_ONLY___ ═
2024-08-14 13:22:17,473 INFO     ___FILE_ONLY___ ═
2024-08-14 13:22:17,485 INFO     ___FILE_ONLY___ ═
2024-08-14 13:22:17,498 INFO     ___FILE_ONLY___ ═
2024-08-14 13:22:17,511 INFO     ___FILE_ONLY___ ═
2024-08-14 13:22:17,523 INFO     ___FILE_ONLY___ ═
2024-08-14 13:22:17,536 INFO     ___FILE_ONLY___ ═
2024-08-14 13:22:17,548 INFO     ___FILE_ONLY___ ═
2024-08-14 13:22:17,561 INFO     ___FILE_ONLY___ ═
2024-08-14 13:22:17,574 INFO     ___FILE_ONLY___ ═
2024-08-14 13:22:17,586 INFO     ___FILE_ONLY___ ═
2024-08-14 13:22:17,600 INFO     ___FILE_ONLY___ ═
2024-08-14 13:22:17,612 INFO     ___FILE_ONLY___ ═
2024-08-14 13:22:17,625 INFO     ___FILE_ONLY___ ═
2024-08-14 13:22:17,637 INFO     ___FILE_ONLY___ ═
2024-08-14 13:22:17,649 INFO     ___FILE_ONLY___ ═
2024-08-14 13:22:17,662 INFO     ___FILE_ONLY___ ═
2024-08-14 13:22:17,675 INFO     ___FILE_ONLY___ ═
2024-08-14 13:22:17,688 INFO     ___FILE_ONLY___ ═
2024-08-14 13:22:17,700 INFO     ___FILE_ONLY___ ═
2024-08-14 13:22:17,712 INFO     ___FILE_ONLY___ ═
2024-08-14 13:22:17,727 INFO     ___FILE_ONLY___ ═
2024-08-14 13:22:17,740 INFO     ___FILE_ONLY___ ═
2024-08-14 13:22:17,752 INFO     ___FILE_ONLY___ ═
2024-08-14 13:22:17,764 INFO     ___FILE_ONLY___ ═
2024-08-14 13:22:17,777 INFO     ___FILE_ONLY___ ═
2024-08-14 13:22:17,789 INFO     ___FILE_ONLY___ ═
2024-08-14 13:22:17,801 INFO     ___FILE_ONLY___ ═
2024-08-14 13:22:17,814 INFO     ___FILE_ONLY___ ═
2024-08-14 13:22:17,827 INFO     ___FILE_ONLY___ ═
2024-08-14 13:22:17,839 INFO     ___FILE_ONLY___ ═
2024-08-14 13:22:17,852 INFO     ___FILE_ONLY___ ═
2024-08-14 13:22:17,865 INFO     ___FILE_ONLY___ ═
2024-08-14 13:22:17,877 INFO     ___FILE_ONLY___ ═
2024-08-14 13:22:18,243 INFO     ___FILE_ONLY___ ═
2024-08-14 13:22:18,265 INFO     ___FILE_ONLY___ ═
2024-08-14 13:22:18,282 INFO     ___FILE_ONLY___ ═
2024-08-14 13:22:18,301 INFO     ___FILE_ONLY___ ═
2024-08-14 13:22:18,325 INFO     ___FILE_ONLY___ ═
2024-08-14 13:22:18,357 INFO     ___FILE_ONLY___ ═
2024-08-14 13:22:18,379 INFO     ___FILE_ONLY___ ═
2024-08-14 13:22:18,401 INFO     ___FILE_ONLY___ ═
2024-08-14 13:22:18,537 INFO     ___FILE_ONLY___ ═
2024-08-14 13:22:18,558 INFO     ___FILE_ONLY___ ═
2024-08-14 13:22:18,646 INFO     ___FILE_ONLY___ ═
2024-08-14 13:22:18,666 INFO     ___FILE_ONLY___ ═
2024-08-14 13:22:18,688 INFO     ___FILE_ONLY___ ═
2024-08-14 13:22:18,709 INFO     ___FILE_ONLY___ ═
2024-08-14 13:22:18,728 INFO     ___FILE_ONLY___ ═
2024-08-14 13:22:18,751 INFO     ___FILE_ONLY___ ═
2024-08-14 13:22:18,776 INFO     ___FILE_ONLY___ ═
2024-08-14 13:22:18,820 INFO     ___FILE_ONLY___ ═
2024-08-14 13:22:18,838 INFO     ___FILE_ONLY___ ═
2024-08-14 13:22:18,856 INFO     ___FILE_ONLY___ ═
2024-08-14 13:22:18,878 INFO     ___FILE_ONLY___ ═
2024-08-14 13:22:18,901 INFO     ___FILE_ONLY___ ═
2024-08-14 13:22:18,937 INFO     ___FILE_ONLY___ ═
2024-08-14 13:22:20,069 INFO     ___FILE_ONLY___ ═
2024-08-14 13:22:20,087 INFO     ___FILE_ONLY___ ═
2024-08-14 13:22:20,102 INFO     ___FILE_ONLY___ ═
2024-08-14 13:22:20,102 INFO     ___FILE_ONLY___ ╝

2024-08-14 13:22:20,180 INFO     ___FILE_ONLY___ ╔════════════════════════════════════════════════════════════╗

2024-08-14 13:22:20,180 INFO     ___FILE_ONLY___ ╠═ Installing: Cloud Storage Command Line Tool              ═╣

2024-08-14 13:22:20,180 INFO     ___FILE_ONLY___ ╚
2024-08-14 13:22:20,862 INFO     ___FILE_ONLY___ ═
2024-08-14 13:22:20,874 INFO     ___FILE_ONLY___ ═
2024-08-14 13:22:20,888 INFO     ___FILE_ONLY___ ═
2024-08-14 13:22:20,907 INFO     ___FILE_ONLY___ ═
2024-08-14 13:22:20,924 INFO     ___FILE_ONLY___ ═
2024-08-14 13:22:20,941 INFO     ___FILE_ONLY___ ═
2024-08-14 13:22:20,955 INFO     ___FILE_ONLY___ ═
2024-08-14 13:22:20,979 INFO     ___FILE_ONLY___ ═
2024-08-14 13:22:20,992 INFO     ___FILE_ONLY___ ═
2024-08-14 13:22:21,003 INFO     ___FILE_ONLY___ ═
2024-08-14 13:22:21,014 INFO     ___FILE_ONLY___ ═
2024-08-14 13:22:21,054 INFO     ___FILE_ONLY___ ═
2024-08-14 13:22:21,064 INFO     ___FILE_ONLY___ ═
2024-08-14 13:22:21,078 INFO     ___FILE_ONLY___ ═
2024-08-14 13:22:21,091 INFO     ___FILE_ONLY___ ═
2024-08-14 13:22:21,100 INFO     ___FILE_ONLY___ ═
2024-08-14 13:22:21,109 INFO     ___FILE_ONLY___ ═
2024-08-14 13:22:21,120 INFO     ___FILE_ONLY___ ═
2024-08-14 13:22:21,129 INFO     ___FILE_ONLY___ ═
2024-08-14 13:22:21,140 INFO     ___FILE_ONLY___ ═
2024-08-14 13:22:21,151 INFO     ___FILE_ONLY___ ═
2024-08-14 13:22:21,160 INFO     ___FILE_ONLY___ ═
2024-08-14 13:22:21,170 INFO     ___FILE_ONLY___ ═
2024-08-14 13:22:21,183 INFO     ___FILE_ONLY___ ═
2024-08-14 13:22:21,193 INFO     ___FILE_ONLY___ ═
2024-08-14 13:22:21,205 INFO     ___FILE_ONLY___ ═
2024-08-14 13:22:21,219 INFO     ___FILE_ONLY___ ═
2024-08-14 13:22:21,232 INFO     ___FILE_ONLY___ ═
2024-08-14 13:22:21,245 INFO     ___FILE_ONLY___ ═
2024-08-14 13:22:21,266 INFO     ___FILE_ONLY___ ═
2024-08-14 13:22:21,278 INFO     ___FILE_ONLY___ ═
2024-08-14 13:22:21,292 INFO     ___FILE_ONLY___ ═
2024-08-14 13:22:21,303 INFO     ___FILE_ONLY___ ═
2024-08-14 13:22:21,320 INFO     ___FILE_ONLY___ ═
2024-08-14 13:22:21,331 INFO     ___FILE_ONLY___ ═
2024-08-14 13:22:21,343 INFO     ___FILE_ONLY___ ═
2024-08-14 13:22:21,358 INFO     ___FILE_ONLY___ ═
2024-08-14 13:22:21,376 INFO     ___FILE_ONLY___ ═
2024-08-14 13:22:21,392 INFO     ___FILE_ONLY___ ═
2024-08-14 13:22:21,411 INFO     ___FILE_ONLY___ ═
2024-08-14 13:22:21,427 INFO     ___FILE_ONLY___ ═
2024-08-14 13:22:21,440 INFO     ___FILE_ONLY___ ═
2024-08-14 13:22:21,450 INFO     ___FILE_ONLY___ ═
2024-08-14 13:22:21,464 INFO     ___FILE_ONLY___ ═
2024-08-14 13:22:21,479 INFO     ___FILE_ONLY___ ═
2024-08-14 13:22:21,494 INFO     ___FILE_ONLY___ ═
2024-08-14 13:22:21,511 INFO     ___FILE_ONLY___ ═
2024-08-14 13:22:21,525 INFO     ___FILE_ONLY___ ═
2024-08-14 13:22:21,541 INFO     ___FILE_ONLY___ ═
2024-08-14 13:22:21,554 INFO     ___FILE_ONLY___ ═
2024-08-14 13:22:21,564 INFO     ___FILE_ONLY___ ═
2024-08-14 13:22:21,575 INFO     ___FILE_ONLY___ ═
2024-08-14 13:22:21,586 INFO     ___FILE_ONLY___ ═
2024-08-14 13:22:21,597 INFO     ___FILE_ONLY___ ═
2024-08-14 13:22:21,607 INFO     ___FILE_ONLY___ ═
2024-08-14 13:22:21,617 INFO     ___FILE_ONLY___ ═
2024-08-14 13:22:21,626 INFO     ___FILE_ONLY___ ═
2024-08-14 13:22:21,647 INFO     ___FILE_ONLY___ ═
2024-08-14 13:22:21,663 INFO     ___FILE_ONLY___ ═
2024-08-14 13:22:21,681 INFO     ___FILE_ONLY___ ═
2024-08-14 13:22:21,682 INFO     ___FILE_ONLY___ ╝

2024-08-14 13:22:21,733 INFO     ___FILE_ONLY___ ╔════════════════════════════════════════════════════════════╗

2024-08-14 13:22:21,734 INFO     ___FILE_ONLY___ ╠═ Installing: Cloud Storage Command Line Tool (Platform... ═╣

2024-08-14 13:22:21,734 INFO     ___FILE_ONLY___ ╚
2024-08-14 13:22:21,735 INFO     ___FILE_ONLY___ ════════════════════════════════════════════════════════════
2024-08-14 13:22:21,735 INFO     ___FILE_ONLY___ ╝

2024-08-14 13:22:21,741 INFO     ___FILE_ONLY___ ╔════════════════════════════════════════════════════════════╗

2024-08-14 13:22:21,742 INFO     ___FILE_ONLY___ ╠═ Installing: Default set of gcloud commands               ═╣

2024-08-14 13:22:21,742 INFO     ___FILE_ONLY___ ╚
2024-08-14 13:22:21,746 INFO     ___FILE_ONLY___ ════════════════════════════════════════════════════════════
2024-08-14 13:22:21,746 INFO     ___FILE_ONLY___ ╝

2024-08-14 13:22:21,748 INFO     ___FILE_ONLY___ ╔════════════════════════════════════════════════════════════╗

2024-08-14 13:22:21,748 INFO     ___FILE_ONLY___ ╠═ Installing: Google Cloud CLI Core Libraries (Platform... ═╣

2024-08-14 13:22:21,749 INFO     ___FILE_ONLY___ ╚
2024-08-14 13:22:21,750 INFO     ___FILE_ONLY___ ══════════════════════════════
2024-08-14 13:22:21,750 INFO     ___FILE_ONLY___ ══════════════════════════════
2024-08-14 13:22:21,750 INFO     ___FILE_ONLY___ ╝

2024-08-14 13:22:21,757 INFO     ___FILE_ONLY___ ╔════════════════════════════════════════════════════════════╗

2024-08-14 13:22:21,757 INFO     ___FILE_ONLY___ ╠═ Installing: Google Cloud CRC32C Hash Tool                ═╣

2024-08-14 13:22:21,757 INFO     ___FILE_ONLY___ ╚
2024-08-14 13:22:21,761 INFO     ___FILE_ONLY___ ════════════════════════════════════════════════════════════
2024-08-14 13:22:21,762 INFO     ___FILE_ONLY___ ╝

2024-08-14 13:22:21,763 INFO     ___FILE_ONLY___ ╔════════════════════════════════════════════════════════════╗

2024-08-14 13:22:21,764 INFO     ___FILE_ONLY___ ╠═ Installing: Google Cloud CRC32C Hash Tool (Platform S... ═╣

2024-08-14 13:22:21,764 INFO     ___FILE_ONLY___ ╚
2024-08-14 13:22:21,800 INFO     ___FILE_ONLY___ ══════════════════════════════
2024-08-14 13:22:21,800 INFO     ___FILE_ONLY___ ══════════════════════════════
2024-08-14 13:22:21,800 INFO     ___FILE_ONLY___ ╝

2024-08-14 13:22:21,807 INFO     ___FILE_ONLY___ ╔════════════════════════════════════════════════════════════╗

2024-08-14 13:22:21,808 INFO     ___FILE_ONLY___ ╠═ Installing: gcloud cli dependencies (Platform Specific)  ═╣

2024-08-14 13:22:21,808 INFO     ___FILE_ONLY___ ╚
2024-08-14 13:22:21,808 INFO     ___FILE_ONLY___ ════════════════════════════════════════════════════════════
2024-08-14 13:22:21,808 INFO     ___FILE_ONLY___ ╝

2024-08-14 13:22:21,816 DEBUG    root            Updating notification cache...
2024-08-14 13:22:21,817 INFO     ___FILE_ONLY___ 

2024-08-14 13:22:21,819 INFO     ___FILE_ONLY___ Performing post processing steps...
2024-08-14 13:22:21,819 DEBUG    root            Executing command: ['/tools/google-cloud-sdk/bin/gcloud', 'components', 'post-process']
2024-08-14 13:22:33,041 DEBUG    ___FILE_ONLY___ 
2024-08-14 13:22:33,042 DEBUG    ___FILE_ONLY___ 
2024-08-14 13:22:33,108 INFO     ___FILE_ONLY___ 
Update done!


2024-08-14 13:22:33,112 DEBUG    root            Chosen display Format:none
2024-08-14 13:22:33,112 INFO     root            Display format: "none"
